mode: set
couponservice/internal/database/database.go:17.51,19.2 1 1
couponservice/internal/database/database.go:21.29,23.2 1 1
couponservice/internal/database/database_operations.go:12.60,13.17 1 1
couponservice/internal/database/database_operations.go:13.17,16.3 2 0
couponservice/internal/database/database_operations.go:17.2,18.23 2 1
couponservice/internal/database/database_operations.go:18.23,21.3 2 0
couponservice/internal/database/database_operations.go:22.2,23.16 2 1
couponservice/internal/database/database_operations.go:23.16,26.3 2 0
couponservice/internal/database/database_operations.go:27.2,28.66 2 1
couponservice/internal/database/database_operations.go:28.66,31.3 2 0
couponservice/internal/database/database_operations.go:32.2,32.21 1 1
couponservice/internal/database/database_operations.go:35.63,36.17 1 1
couponservice/internal/database/database_operations.go:36.17,39.3 2 0
couponservice/internal/database/database_operations.go:40.2,42.17 3 1
couponservice/internal/database/database_operations.go:42.17,45.3 2 1
couponservice/internal/database/database_operations.go:46.2,47.16 2 1
couponservice/internal/database/database_operations.go:47.16,50.3 2 0
couponservice/internal/database/database_operations.go:51.2,51.12 1 1
couponservice/internal/database/database_operations.go:54.61,55.17 1 1
couponservice/internal/database/database_operations.go:55.17,58.3 2 0
couponservice/internal/database/database_operations.go:59.2,61.16 3 1
couponservice/internal/database/database_operations.go:61.16,64.3 2 0
couponservice/internal/database/database_operations.go:65.2,65.12 1 1
couponservice/internal/database/database_operations.go:68.63,69.17 1 1
couponservice/internal/database/database_operations.go:69.17,72.3 2 0
couponservice/internal/database/database_operations.go:73.2,75.16 3 1
couponservice/internal/database/database_operations.go:75.16,78.3 2 0
couponservice/internal/database/database_operations.go:79.2,79.12 1 1
couponservice/internal/database/database_operations.go:82.80,83.17 1 1
couponservice/internal/database/database_operations.go:83.17,86.3 2 0
couponservice/internal/database/database_operations.go:87.2,90.16 4 1
couponservice/internal/database/database_operations.go:90.16,93.3 2 0
couponservice/internal/database/database_operations.go:94.2,94.20 1 1
couponservice/internal/database/database_operations.go:97.80,98.17 1 1
couponservice/internal/database/database_operations.go:98.17,101.3 2 0
couponservice/internal/database/database_operations.go:102.2,104.16 3 1
couponservice/internal/database/database_operations.go:104.16,107.3 2 0
couponservice/internal/database/database_operations.go:108.2,109.66 2 1
couponservice/internal/database/database_operations.go:109.66,112.3 2 0
couponservice/internal/database/database_operations.go:113.2,113.21 1 1
couponservice/internal/database/mongo_client.go:24.45,26.16 2 1
couponservice/internal/database/mongo_client.go:26.16,28.3 1 0
couponservice/internal/database/mongo_client.go:29.2,31.44 3 1
couponservice/internal/database/mongo_client.go:31.44,34.3 2 0
couponservice/internal/database/mongo_client.go:35.2,38.16 3 1
couponservice/internal/database/mongo_client.go:38.16,41.3 2 0
couponservice/internal/database/mongo_client.go:43.2,44.16 2 1
couponservice/internal/database/mongo_client.go:44.16,47.3 2 0
couponservice/internal/database/mongo_client.go:49.2,52.34 3 1
couponservice/internal/database/mongo_client.go:56.45,58.17 2 1
couponservice/internal/database/mongo_client.go:58.17,60.3 1 1
couponservice/internal/database/mongo_client.go:61.2,61.25 1 1
